Determining if the pthread_create exist failed with the following output:
Change Dir: /home/mikita/2020/acronis/industrial_programming_acronis_2020/kulbitsky99/workspace/projects/lab07/_builds/CMakeFiles/CMakeTmp

Run Build Command:"/usr/bin/make" "cmTC_80a45/fast"
/usr/bin/make -f CMakeFiles/cmTC_80a45.dir/build.make CMakeFiles/cmTC_80a45.dir/build
make[1]: Entering directory '/home/mikita/2020/acronis/industrial_programming_acronis_2020/kulbitsky99/workspace/projects/lab07/_builds/CMakeFiles/CMakeTmp'
Building C object CMakeFiles/cmTC_80a45.dir/CheckSymbolExists.c.o
/usr/bin/cc    -o CMakeFiles/cmTC_80a45.dir/CheckSymbolExists.c.o   -c /home/mikita/2020/acronis/industrial_programming_acronis_2020/kulbitsky99/workspace/projects/lab07/_builds/CMakeFiles/CMakeTmp/CheckSymbolExists.c
Linking C executable cmTC_80a45
/usr/bin/cmake -E cmake_link_script CMakeFiles/cmTC_80a45.dir/link.txt --verbose=1
/usr/bin/cc      CMakeFiles/cmTC_80a45.dir/CheckSymbolExists.c.o  -o cmTC_80a45 
/usr/bin/ld: CMakeFiles/cmTC_80a45.dir/CheckSymbolExists.c.o: in function `main':
CheckSymbolExists.c:(.text+0x1b): undefined reference to `pthread_create'
collect2: error: ld returned 1 exit status
make[1]: *** [CMakeFiles/cmTC_80a45.dir/build.make:87: cmTC_80a45] Error 1
make[1]: Leaving directory '/home/mikita/2020/acronis/industrial_programming_acronis_2020/kulbitsky99/workspace/projects/lab07/_builds/CMakeFiles/CMakeTmp'
make: *** [Makefile:121: cmTC_80a45/fast] Error 2

File /home/mikita/2020/acronis/industrial_programming_acronis_2020/kulbitsky99/workspace/projects/lab07/_builds/CMakeFiles/CMakeTmp/CheckSymbolExists.c:
/* */
#include <pthread.h>

int main(int argc, char** argv)
{
  (void)argv;
#ifndef pthread_create
  return ((int*)(&pthread_create))[argc];
#else
  (void)argc;
  return 0;
#endif
}

Determining if the function pthread_create exists in the pthreads failed with the following output:
Change Dir: /home/mikita/2020/acronis/industrial_programming_acronis_2020/kulbitsky99/workspace/projects/lab07/_builds/CMakeFiles/CMakeTmp

Run Build Command:"/usr/bin/make" "cmTC_f86a0/fast"
/usr/bin/make -f CMakeFiles/cmTC_f86a0.dir/build.make CMakeFiles/cmTC_f86a0.dir/build
make[1]: Entering directory '/home/mikita/2020/acronis/industrial_programming_acronis_2020/kulbitsky99/workspace/projects/lab07/_builds/CMakeFiles/CMakeTmp'
Building C object CMakeFiles/cmTC_f86a0.dir/CheckFunctionExists.c.o
/usr/bin/cc   -DCHECK_FUNCTION_EXISTS=pthread_create   -o CMakeFiles/cmTC_f86a0.dir/CheckFunctionExists.c.o   -c /usr/share/cmake-3.13/Modules/CheckFunctionExists.c
Linking C executable cmTC_f86a0
/usr/bin/cmake -E cmake_link_script CMakeFiles/cmTC_f86a0.dir/link.txt --verbose=1
/usr/bin/cc  -DCHECK_FUNCTION_EXISTS=pthread_create    CMakeFiles/cmTC_f86a0.dir/CheckFunctionExists.c.o  -o cmTC_f86a0 -lpthreads 
/usr/bin/ld: cannot find -lpthreads
collect2: error: ld returned 1 exit status
make[1]: *** [CMakeFiles/cmTC_f86a0.dir/build.make:87: cmTC_f86a0] Error 1
make[1]: Leaving directory '/home/mikita/2020/acronis/industrial_programming_acronis_2020/kulbitsky99/workspace/projects/lab07/_builds/CMakeFiles/CMakeTmp'
make: *** [Makefile:121: cmTC_f86a0/fast] Error 2


